<beans xmlns="http://www.springframework.org/schema/beans"
       xmlns:xsi="http://www.w3.org/2001/XMLSchema-instance"
       xmlns:context="http://www.springframework.org/schema/context"
       xmlns:jdbc="http://www.springframework.org/schema/jdbc"
       xmlns:p="http://www.springframework.org/schema/p"
       xmlns:util="http://www.springframework.org/schema/util"
       xsi:schemaLocation="http://www.springframework.org/schema/beans
        http://www.springframework.org/schema/beans/spring-beans.xsd
        http://www.springframework.org/schema/context http://www.springframework.org/schema/context/spring-context.xsd
        http://www.springframework.org/schema/jdbc http://www.springframework.org/schema/jdbc/spring-jdbc.xsd
        http://www.springframework.org/schema/util http://www.springframework.org/schema/util/spring-util.xsd">

    <context:component-scan base-package="com.springapp.mvc"/>

    <bean class="org.springframework.web.servlet.view.InternalResourceViewResolver">
        <property name="prefix" value="/WEB-INF/pages/"/>
        <property name="suffix" value=".jsp"/>
    </bean>

    <util:properties id="jdbcProperties" location="classpath:jdbc.properties" />

    <bean class="org.springframework.beans.factory.config.PropertyPlaceholderConfigurer"
          p:properties-ref="jdbcProperties" />

    <bean id="spitterRepository" class="com.springapp.mvc.repository.SpitterRepositoryImpl" />

    <bean id="spittleRepository" class="com.springapp.mvc.repository.SpittleRepositoryImpl" />

    <!-- Data Source -->
    <bean id="dataSource" class="org.apache.commons.dbcp.BasicDataSource"
          destroy-method="close" p:driverClassName="${jdbc.driverClassName}"
          p:url="${jdbc.url}" p:username="${jdbc.username}" p:password="${jdbc.password}" />

    <!-- H2 Database-->
    <jdbc:initialize-database ignore-failures="DROPS">
        <jdbc:script location="classpath:schema.sql" />
    </jdbc:initialize-database>


    <!-- JPA EntityManagerFactory -->
    <bean id="entityManagerFactory" class="org.springframework.orm.jpa.LocalContainerEntityManagerFactoryBean"
          p:dataSource-ref="dataSource" p:jpaProperties-ref="jdbcProperties">
        <property name="jpaVendorAdapter">
            <bean class="org.springframework.orm.jpa.vendor.HibernateJpaVendorAdapter" p:database="${jpa.database}"
                  p:showSql="${jpa.showSql}"/>
        </property>
    </bean>

    <!--Transaction manager for a single JPA EntityManagerFactory-->
    <bean id="transactionManager"
          class="org.springframework.orm.jpa.JpaTransactionManager"
          p:entityManagerFactory-ref="entityManagerFactory" />

</beans>